0 info it worked if it ends with ok
1 verbose cli [ 'node', '/usr/local/bin/npm', 'install' ]
2 info using npm@1.4.28
3 info using node@v0.10.35
4 verbose readDependencies using package.json deps
5 verbose install where, deps [ '/Users/michaeltelford/Desktop/groupproject/pollApp',
5 verbose install   [ 'body-parser',
5 verbose install     'express',
5 verbose install     'fs',
5 verbose install     'mongoose',
5 verbose install     'passport',
5 verbose install     'socket.io' ] ]
6 info preinstall pollApp@1.0.0
7 verbose readDependencies using package.json deps
8 verbose cache add [ 'body-parser@^1.12.0', null ]
9 verbose cache add name=undefined spec="body-parser@^1.12.0" args=["body-parser@^1.12.0",null]
10 verbose parsed url { protocol: null,
10 verbose parsed url   slashes: null,
10 verbose parsed url   auth: null,
10 verbose parsed url   host: null,
10 verbose parsed url   port: null,
10 verbose parsed url   hostname: null,
10 verbose parsed url   hash: null,
10 verbose parsed url   search: null,
10 verbose parsed url   query: null,
10 verbose parsed url   pathname: 'body-parser@^1.12.0',
10 verbose parsed url   path: 'body-parser@^1.12.0',
10 verbose parsed url   href: 'body-parser@^1.12.0' }
11 verbose cache add [ 'express@^4.12.2', null ]
12 verbose cache add name=undefined spec="express@^4.12.2" args=["express@^4.12.2",null]
13 verbose parsed url { protocol: null,
13 verbose parsed url   slashes: null,
13 verbose parsed url   auth: null,
13 verbose parsed url   host: null,
13 verbose parsed url   port: null,
13 verbose parsed url   hostname: null,
13 verbose parsed url   hash: null,
13 verbose parsed url   search: null,
13 verbose parsed url   query: null,
13 verbose parsed url   pathname: 'express@^4.12.2',
13 verbose parsed url   path: 'express@^4.12.2',
13 verbose parsed url   href: 'express@^4.12.2' }
14 verbose cache add [ 'fs@0.0.2', null ]
15 verbose cache add name=undefined spec="fs@0.0.2" args=["fs@0.0.2",null]
16 verbose parsed url { protocol: null,
16 verbose parsed url   slashes: null,
16 verbose parsed url   auth: null,
16 verbose parsed url   host: null,
16 verbose parsed url   port: null,
16 verbose parsed url   hostname: null,
16 verbose parsed url   hash: null,
16 verbose parsed url   search: null,
16 verbose parsed url   query: null,
16 verbose parsed url   pathname: 'fs@0.0.2',
16 verbose parsed url   path: 'fs@0.0.2',
16 verbose parsed url   href: 'fs@0.0.2' }
17 verbose cache add [ 'mongoose@^3.8.24', null ]
18 verbose cache add name=undefined spec="mongoose@^3.8.24" args=["mongoose@^3.8.24",null]
19 verbose parsed url { protocol: null,
19 verbose parsed url   slashes: null,
19 verbose parsed url   auth: null,
19 verbose parsed url   host: null,
19 verbose parsed url   port: null,
19 verbose parsed url   hostname: null,
19 verbose parsed url   hash: null,
19 verbose parsed url   search: null,
19 verbose parsed url   query: null,
19 verbose parsed url   pathname: 'mongoose@^3.8.24',
19 verbose parsed url   path: 'mongoose@^3.8.24',
19 verbose parsed url   href: 'mongoose@^3.8.24' }
20 verbose cache add name="body-parser" spec="^1.12.0" args=["body-parser","^1.12.0"]
21 verbose parsed url { protocol: null,
21 verbose parsed url   slashes: null,
21 verbose parsed url   auth: null,
21 verbose parsed url   host: null,
21 verbose parsed url   port: null,
21 verbose parsed url   hostname: null,
21 verbose parsed url   hash: null,
21 verbose parsed url   search: null,
21 verbose parsed url   query: null,
21 verbose parsed url   pathname: '^1.12.0',
21 verbose parsed url   path: '^1.12.0',
21 verbose parsed url   href: '^1.12.0' }
22 verbose addNamed [ 'body-parser', '^1.12.0' ]
23 verbose addNamed [ null, '>=1.12.0-0 <2.0.0-0' ]
24 verbose cache add name="express" spec="^4.12.2" args=["express","^4.12.2"]
25 verbose parsed url { protocol: null,
25 verbose parsed url   slashes: null,
25 verbose parsed url   auth: null,
25 verbose parsed url   host: null,
25 verbose parsed url   port: null,
25 verbose parsed url   hostname: null,
25 verbose parsed url   hash: null,
25 verbose parsed url   search: null,
25 verbose parsed url   query: null,
25 verbose parsed url   pathname: '^4.12.2',
25 verbose parsed url   path: '^4.12.2',
25 verbose parsed url   href: '^4.12.2' }
26 verbose addNamed [ 'express', '^4.12.2' ]
27 verbose addNamed [ null, '>=4.12.2-0 <5.0.0-0' ]
28 verbose cache add name="fs" spec="0.0.2" args=["fs","0.0.2"]
29 verbose parsed url { protocol: null,
29 verbose parsed url   slashes: null,
29 verbose parsed url   auth: null,
29 verbose parsed url   host: null,
29 verbose parsed url   port: null,
29 verbose parsed url   hostname: null,
29 verbose parsed url   hash: null,
29 verbose parsed url   search: null,
29 verbose parsed url   query: null,
29 verbose parsed url   pathname: '0.0.2',
29 verbose parsed url   path: '0.0.2',
29 verbose parsed url   href: '0.0.2' }
30 verbose addNamed [ 'fs', '0.0.2' ]
31 verbose addNamed [ '0.0.2', '0.0.2' ]
32 verbose cache add [ 'passport@^0.2.1', null ]
33 verbose cache add name=undefined spec="passport@^0.2.1" args=["passport@^0.2.1",null]
34 verbose parsed url { protocol: null,
34 verbose parsed url   slashes: null,
34 verbose parsed url   auth: null,
34 verbose parsed url   host: null,
34 verbose parsed url   port: null,
34 verbose parsed url   hostname: null,
34 verbose parsed url   hash: null,
34 verbose parsed url   search: null,
34 verbose parsed url   query: null,
34 verbose parsed url   pathname: 'passport@^0.2.1',
34 verbose parsed url   path: 'passport@^0.2.1',
34 verbose parsed url   href: 'passport@^0.2.1' }
35 verbose cache add name="mongoose" spec="^3.8.24" args=["mongoose","^3.8.24"]
36 verbose parsed url { protocol: null,
36 verbose parsed url   slashes: null,
36 verbose parsed url   auth: null,
36 verbose parsed url   host: null,
36 verbose parsed url   port: null,
36 verbose parsed url   hostname: null,
36 verbose parsed url   hash: null,
36 verbose parsed url   search: null,
36 verbose parsed url   query: null,
36 verbose parsed url   pathname: '^3.8.24',
36 verbose parsed url   path: '^3.8.24',
36 verbose parsed url   href: '^3.8.24' }
37 verbose addNamed [ 'mongoose', '^3.8.24' ]
38 verbose addNamed [ null, '>=3.8.24-0 <4.0.0-0' ]
39 silly lockFile 56e67e75-body-parser-1-12-0 body-parser@^1.12.0
40 verbose lock body-parser@^1.12.0 /Users/michaeltelford/.npm/56e67e75-body-parser-1-12-0.lock
41 silly lockFile 4a9dd575-express-4-12-2 express@^4.12.2
42 verbose lock express@^4.12.2 /Users/michaeltelford/.npm/4a9dd575-express-4-12-2.lock
43 silly lockFile afea0479-fs-0-0-2 fs@0.0.2
44 verbose lock fs@0.0.2 /Users/michaeltelford/.npm/afea0479-fs-0-0-2.lock
45 silly lockFile 4c067df3-mongoose-3-8-24 mongoose@^3.8.24
46 verbose lock mongoose@^3.8.24 /Users/michaeltelford/.npm/4c067df3-mongoose-3-8-24.lock
47 verbose cache add [ 'socket.io@^1.3.5', null ]
48 verbose cache add name=undefined spec="socket.io@^1.3.5" args=["socket.io@^1.3.5",null]
49 verbose parsed url { protocol: null,
49 verbose parsed url   slashes: null,
49 verbose parsed url   auth: null,
49 verbose parsed url   host: null,
49 verbose parsed url   port: null,
49 verbose parsed url   hostname: null,
49 verbose parsed url   hash: null,
49 verbose parsed url   search: null,
49 verbose parsed url   query: null,
49 verbose parsed url   pathname: 'socket.io@^1.3.5',
49 verbose parsed url   path: 'socket.io@^1.3.5',
49 verbose parsed url   href: 'socket.io@^1.3.5' }
50 verbose cache add name="passport" spec="^0.2.1" args=["passport","^0.2.1"]
51 verbose parsed url { protocol: null,
51 verbose parsed url   slashes: null,
51 verbose parsed url   auth: null,
51 verbose parsed url   host: null,
51 verbose parsed url   port: null,
51 verbose parsed url   hostname: null,
51 verbose parsed url   hash: null,
51 verbose parsed url   search: null,
51 verbose parsed url   query: null,
51 verbose parsed url   pathname: '^0.2.1',
51 verbose parsed url   path: '^0.2.1',
51 verbose parsed url   href: '^0.2.1' }
52 verbose addNamed [ 'passport', '^0.2.1' ]
53 verbose addNamed [ null, '>=0.2.1-0 <0.3.0-0' ]
54 silly lockFile 7e55d14c-passport-0-2-1 passport@^0.2.1
55 verbose lock passport@^0.2.1 /Users/michaeltelford/.npm/7e55d14c-passport-0-2-1.lock
56 verbose cache add name="socket.io" spec="^1.3.5" args=["socket.io","^1.3.5"]
57 verbose parsed url { protocol: null,
57 verbose parsed url   slashes: null,
57 verbose parsed url   auth: null,
57 verbose parsed url   host: null,
57 verbose parsed url   port: null,
57 verbose parsed url   hostname: null,
57 verbose parsed url   hash: null,
57 verbose parsed url   search: null,
57 verbose parsed url   query: null,
57 verbose parsed url   pathname: '^1.3.5',
57 verbose parsed url   path: '^1.3.5',
57 verbose parsed url   href: '^1.3.5' }
58 verbose addNamed [ 'socket.io', '^1.3.5' ]
59 verbose addNamed [ null, '>=1.3.5-0 <2.0.0-0' ]
60 silly lockFile a0d41e47-socket-io-1-3-5 socket.io@^1.3.5
61 verbose lock socket.io@^1.3.5 /Users/michaeltelford/.npm/a0d41e47-socket-io-1-3-5.lock
62 silly addNameRange { name: 'body-parser',
62 silly addNameRange   range: '>=1.12.0-0 <2.0.0-0',
62 silly addNameRange   hasData: false }
63 silly addNameRange { name: 'express', range: '>=4.12.2-0 <5.0.0-0', hasData: false }
64 silly addNameRange { name: 'mongoose',
64 silly addNameRange   range: '>=3.8.24-0 <4.0.0-0',
64 silly addNameRange   hasData: false }
65 silly addNameRange { name: 'passport', range: '>=0.2.1-0 <0.3.0-0', hasData: false }
66 silly addNameRange { name: 'socket.io',
66 silly addNameRange   range: '>=1.3.5-0 <2.0.0-0',
66 silly addNameRange   hasData: false }
67 verbose request where is /body-parser
68 verbose request registry https://registry.npmjs.org/
69 verbose request id 07eb2a9b3e69965b
70 verbose url raw /body-parser
71 verbose url resolving [ 'https://registry.npmjs.org/', './body-parser' ]
72 verbose url resolved https://registry.npmjs.org/body-parser
73 verbose request where is https://registry.npmjs.org/body-parser
74 info trying registry request attempt 1 at 15:26:03
75 verbose etag "2HC94XP4D0N1E8LNL9KBGUI6O"
76 http GET https://registry.npmjs.org/body-parser
77 verbose request where is /passport
78 verbose request registry https://registry.npmjs.org/
79 verbose url raw /passport
80 verbose url resolving [ 'https://registry.npmjs.org/', './passport' ]
81 verbose url resolved https://registry.npmjs.org/passport
82 verbose request where is https://registry.npmjs.org/passport
83 info trying registry request attempt 1 at 15:26:03
84 verbose etag "2CJSK4Z7WCUG8S4F950MJP6XB"
85 http GET https://registry.npmjs.org/passport
86 verbose request where is /fs
87 verbose request registry https://registry.npmjs.org/
88 verbose url raw /fs
89 verbose url resolving [ 'https://registry.npmjs.org/', './fs' ]
90 verbose url resolved https://registry.npmjs.org/fs
91 verbose request where is https://registry.npmjs.org/fs
92 info trying registry request attempt 1 at 15:26:03
93 verbose etag "AK2S2YF9S50J227DAKLPQ9TIZ"
94 http GET https://registry.npmjs.org/fs
95 verbose request where is /express
96 verbose request registry https://registry.npmjs.org/
97 verbose url raw /express
98 verbose url resolving [ 'https://registry.npmjs.org/', './express' ]
99 verbose url resolved https://registry.npmjs.org/express
100 verbose request where is https://registry.npmjs.org/express
101 info trying registry request attempt 1 at 15:26:03
102 verbose etag "A3VQYL9RGRF2JSC4X0P3XNORL"
103 http GET https://registry.npmjs.org/express
104 verbose request where is /mongoose
105 verbose request registry https://registry.npmjs.org/
106 verbose url raw /mongoose
107 verbose url resolving [ 'https://registry.npmjs.org/', './mongoose' ]
108 verbose url resolved https://registry.npmjs.org/mongoose
109 verbose request where is https://registry.npmjs.org/mongoose
110 info trying registry request attempt 1 at 15:26:03
111 verbose etag "47UTUXN079KVF7JDHY56QB37E"
112 http GET https://registry.npmjs.org/mongoose
113 verbose request where is /socket.io
114 verbose request registry https://registry.npmjs.org/
115 verbose url raw /socket.io
116 verbose url resolving [ 'https://registry.npmjs.org/', './socket.io' ]
117 verbose url resolved https://registry.npmjs.org/socket.io
118 verbose request where is https://registry.npmjs.org/socket.io
119 info trying registry request attempt 1 at 15:26:03
120 verbose etag "5YE2KJ4YNF45EJ3WFRKDXZOWP"
121 http GET https://registry.npmjs.org/socket.io
122 http 304 https://registry.npmjs.org/express
123 silly registry.get cb [ 304,
123 silly registry.get   { date: 'Tue, 03 Mar 2015 22:26:05 GMT',
123 silly registry.get     server: 'Apache',
123 silly registry.get     via: '1.1 varnish',
123 silly registry.get     'last-modified': 'Tue, 03 Mar 2015 22:26:05 GMT',
123 silly registry.get     'cache-control': 'max-age=60',
123 silly registry.get     etag: '"A3VQYL9RGRF2JSC4X0P3XNORL"',
123 silly registry.get     age: '4',
123 silly registry.get     'x-served-by': 'cache-dfw1824-DFW',
123 silly registry.get     'x-cache': 'HIT',
123 silly registry.get     'x-cache-hits': '1',
123 silly registry.get     'x-timer': 'S1425421565.421556,VS0,VE2',
123 silly registry.get     vary: 'Accept',
123 silly registry.get     'content-length': '0',
123 silly registry.get     'keep-alive': 'timeout=10, max=50',
123 silly registry.get     connection: 'Keep-Alive' } ]
124 verbose etag https://registry.npmjs.org/express from cache
125 silly addNameRange number 2 { name: 'express', range: '>=4.12.2-0 <5.0.0-0', hasData: true }
126 silly addNameRange versions [ 'express',
126 silly addNameRange   [ '0.14.0',
126 silly addNameRange     '0.14.1',
126 silly addNameRange     '1.0.0',
126 silly addNameRange     '1.0.1',
126 silly addNameRange     '1.0.2',
126 silly addNameRange     '1.0.3',
126 silly addNameRange     '1.0.4',
126 silly addNameRange     '1.0.5',
126 silly addNameRange     '1.0.6',
126 silly addNameRange     '1.0.7',
126 silly addNameRange     '1.0.8',
126 silly addNameRange     '2.0.0',
126 silly addNameRange     '2.1.0',
126 silly addNameRange     '2.1.1',
126 silly addNameRange     '2.2.0',
126 silly addNameRange     '2.2.1',
126 silly addNameRange     '2.2.2',
126 silly addNameRange     '2.3.0',
126 silly addNameRange     '2.3.1',
126 silly addNameRange     '2.3.2',
126 silly addNameRange     '2.3.3',
126 silly addNameRange     '2.3.4',
126 silly addNameRange     '2.3.5',
126 silly addNameRange     '2.3.6',
126 silly addNameRange     '2.3.7',
126 silly addNameRange     '2.3.8',
126 silly addNameRange     '2.3.9',
126 silly addNameRange     '2.3.10',
126 silly addNameRange     '2.3.11',
126 silly addNameRange     '2.3.12',
126 silly addNameRange     '2.4.0',
126 silly addNameRange     '2.4.1',
126 silly addNameRange     '2.4.2',
126 silly addNameRange     '2.4.3',
126 silly addNameRange     '2.4.4',
126 silly addNameRange     '2.4.5',
126 silly addNameRange     '2.4.6',
126 silly addNameRange     '2.4.7',
126 silly addNameRange     '2.5.0',
126 silly addNameRange     '2.5.1',
126 silly addNameRange     '2.5.2',
126 silly addNameRange     '2.5.3',
126 silly addNameRange     '2.5.4',
126 silly addNameRange     '2.5.5',
126 silly addNameRange     '2.5.6',
126 silly addNameRange     '2.5.7',
126 silly addNameRange     '2.5.8',
126 silly addNameRange     '2.5.9',
126 silly addNameRange     '2.5.10',
126 silly addNameRange     '2.5.11',
126 silly addNameRange     '3.0.0',
126 silly addNameRange     '3.0.1',
126 silly addNameRange     '3.0.2',
126 silly addNameRange     '3.0.3',
126 silly addNameRange     '3.0.4',
126 silly addNameRange     '3.0.5',
126 silly addNameRange     '3.0.6',
126 silly addNameRange     '3.1.0',
126 silly addNameRange     '3.1.1',
126 silly addNameRange     '3.1.2',
126 silly addNameRange     '3.2.0',
126 silly addNameRange     '3.2.1',
126 silly addNameRange     '3.2.2',
126 silly addNameRange     '3.2.3',
126 silly addNameRange     '3.2.4',
126 silly addNameRange     '3.2.5',
126 silly addNameRange     '3.2.6',
126 silly addNameRange     '3.3.0',
126 silly addNameRange     '3.3.1',
126 silly addNameRange     '3.3.2',
126 silly addNameRange     '3.3.3',
126 silly addNameRange     '3.3.4',
126 silly addNameRange     '3.3.5',
126 silly addNameRange     '3.3.6',
126 silly addNameRange     '1.0.0-beta',
126 silly addNameRange     '1.0.0-beta2',
126 silly addNameRange     '1.0.0-rc',
126 silly addNameRange     '1.0.0-rc2',
126 silly addNameRange     '1.0.0-rc3',
126 silly addNameRange     '1.0.0-rc4',
126 silly addNameRange     '2.0.0-beta',
126 silly addNameRange     '2.0.0-beta2',
126 silly addNameRange     '2.0.0-beta3',
126 silly addNameRange     '2.0.0-rc',
126 silly addNameRange     '2.0.0-rc2',
126 silly addNameRange     '2.0.0-rc3',
126 silly addNameRange     '3.0.0-alpha1',
126 silly addNameRange     '3.0.0-alpha2',
126 silly addNameRange     '3.0.0-alpha3',
126 silly addNameRange     '3.0.0-alpha4',
126 silly addNameRange     '3.0.0-alpha5',
126 silly addNameRange     '3.0.0-beta1',
126 silly addNameRange     '3.0.0-beta2',
126 silly addNameRange     '3.0.0-beta3',
126 silly addNameRange     '3.0.0-beta4',
126 silly addNameRange     '3.0.0-beta6',
126 silly addNameRange     '3.0.0-beta7',
126 silly addNameRange     '3.0.0-rc1',
126 silly addNameRange     '3.0.0-rc2',
126 silly addNameRange     '3.0.0-rc3',
126 silly addNameRange     '3.0.0-rc4',
126 silly addNameRange     '3.0.0-rc5',
126 silly addNameRange     '3.3.7',
126 silly addNameRange     '3.3.8',
126 silly addNameRange     '3.4.0',
126 silly addNameRange     '3.4.1',
126 silly addNameRange     '3.4.2',
126 silly addNameRange     '3.4.3',
126 silly addNameRange     '3.4.4',
126 silly addNameRange     '3.4.5',
126 silly addNameRange     '3.4.6',
126 silly addNameRange     '3.4.7',
126 silly addNameRange     '3.4.8',
126 silly addNameRange     '4.0.0-rc1',
126 silly addNameRange     '4.0.0-rc2',
126 silly addNameRange     '3.5.0',
126 silly addNameRange     '4.0.0-rc3',
126 silly addNameRange     '4.0.0-rc4',
126 silly addNameRange     '3.5.1',
126 silly addNameRange     '4.0.0',
126 silly addNameRange     '3.5.2',
126 silly addNameRange     '4.1.0',
126 silly addNameRange     '4.1.1',
126 silly addNameRange     '3.5.3',
126 silly addNameRange     '4.1.2',
126 silly addNameRange     '3.6.0',
126 silly addNameRange     '4.2.0',
126 silly addNameRange     '3.7.0',
126 silly addNameRange     '3.8.0',
126 silly addNameRange     '4.3.0',
126 silly addNameRange     '4.3.1',
126 silly addNameRange     '3.8.1',
126 silly addNameRange     '4.3.2',
126 silly addNameRange     '3.9.0',
126 silly addNameRange     '4.4.0',
126 silly addNameRange     '4.4.1',
126 silly addNameRange     '3.10.0',
126 silly addNameRange     '3.10.1',
126 silly addNameRange     '3.10.2',
126 silly addNameRange     '3.10.3',
126 silly addNameRange     '3.10.4',
126 silly addNameRange     '4.4.2',
126 silly addNameRange     '3.10.5',
126 silly addNameRange     '4.4.3',
126 silly addNameRange     '3.11.0',
126 silly addNameRange     '4.4.4',
126 silly addNameRange     '3.12.0',
126 silly addNameRange     '3.12.1',
126 silly addNameRange     '4.4.5',
126 silly addNameRange     '3.13.0',
126 silly addNameRange     '4.5.0',
126 silly addNameRange     '4.5.1',
126 silly addNameRange     '3.14.0',
126 silly addNameRange     '4.6.0',
126 silly addNameRange     '4.6.1',
126 silly addNameRange     '3.15.0',
126 silly addNameRange     '4.7.0',
126 silly addNameRange     '3.15.1',
126 silly addNameRange     '4.7.1',
126 silly addNameRange     '3.15.2',
126 silly addNameRange     '4.7.2',
126 silly addNameRange     '4.7.3',
126 silly addNameRange     '3.15.3',
126 silly addNameRange     '4.7.4',
126 silly addNameRange     '3.16.0',
126 silly addNameRange     '4.8.0',
126 silly addNameRange     '3.16.1',
126 silly addNameRange     '4.8.1',
126 silly addNameRange     '3.16.2',
126 silly addNameRange     '4.8.2',
126 silly addNameRange     '3.16.3',
126 silly addNameRange     '3.16.4',
126 silly addNameRange     '4.8.3',
126 silly addNameRange     '3.16.5',
126 silly addNameRange     '3.16.6',
126 silly addNameRange     '4.8.4',
126 silly addNameRange     '3.16.7',
126 silly addNameRange     '4.8.5',
126 silly addNameRange     '3.16.8',
126 silly addNameRange     '4.8.6',
126 silly addNameRange     '3.16.9',
126 silly addNameRange     '4.8.7',
126 silly addNameRange     '3.16.10',
126 silly addNameRange     '4.8.8',
126 silly addNameRange     '3.17.0',
126 silly addNameRange     '3.17.1',
126 silly addNameRange     '4.9.0',
126 silly addNameRange     '3.17.2',
126 silly addNameRange     '4.9.1',
126 silly addNameRange     '4.9.2',
126 silly addNameRange     '3.17.3',
126 silly addNameRange     '4.9.3',
126 silly addNameRange     '3.17.4',
126 silly addNameRange     '4.9.4',
126 silly addNameRange     '3.17.5',
126 silly addNameRange     '4.9.5',
126 silly addNameRange     '3.17.6',
126 silly addNameRange     '3.17.7',
126 silly addNameRange     '4.9.6',
126 silly addNameRange     '4.9.7',
126 silly addNameRange     '3.17.8',
126 silly addNameRange     '4.9.8',
126 silly addNameRange     '3.18.0',
126 silly addNameRange     '3.18.1',
126 silly addNameRange     '4.10.0',
126 silly addNameRange     '3.18.2',
126 silly addNameRange     '4.10.1',
126 silly addNameRange     '5.0.0-alpha.1',
126 silly addNameRange     '3.18.3',
126 silly addNameRange     '4.10.2',
126 silly addNameRange     '3.18.4',
126 silly addNameRange     '4.10.3',
126 silly addNameRange     '4.10.4',
126 silly addNameRange     '4.10.5',
126 silly addNameRange     '3.18.5',
126 silly addNameRange     '3.18.6',
126 silly addNameRange     '4.10.6',
126 silly addNameRange     '4.10.7',
126 silly addNameRange     '3.19.0',
126 silly addNameRange     '4.10.8',
126 silly addNameRange     '4.11.0',
126 silly addNameRange     '3.19.1',
126 silly addNameRange     '4.11.1',
126 silly addNameRange     '3.19.2',
126 silly addNameRange     '4.11.2',
126 silly addNameRange     '3.20.0',
126 silly addNameRange     '4.12.0',
126 silly addNameRange     '3.20.1',
126 silly addNameRange     '4.12.1',
126 silly addNameRange     '4.12.2' ] ]
127 verbose addNamed [ 'express', '4.12.2' ]
128 verbose addNamed [ '4.12.2', '4.12.2' ]
129 silly lockFile a2d0019d-express-4-12-2 express@4.12.2
130 verbose lock express@4.12.2 /Users/michaeltelford/.npm/a2d0019d-express-4-12-2.lock
131 silly lockFile a2d0019d-express-4-12-2 express@4.12.2
132 silly lockFile a2d0019d-express-4-12-2 express@4.12.2
133 silly lockFile 4a9dd575-express-4-12-2 express@^4.12.2
134 silly lockFile 4a9dd575-express-4-12-2 express@^4.12.2
135 http 304 https://registry.npmjs.org/passport
136 silly registry.get cb [ 304,
136 silly registry.get   { date: 'Tue, 03 Mar 2015 22:26:05 GMT',
136 silly registry.get     server: 'Apache',
136 silly registry.get     via: '1.1 varnish',
136 silly registry.get     'last-modified': 'Tue, 03 Mar 2015 22:26:05 GMT',
136 silly registry.get     'cache-control': 'max-age=60',
136 silly registry.get     etag: '"2CJSK4Z7WCUG8S4F950MJP6XB"',
136 silly registry.get     age: '0',
136 silly registry.get     'x-served-by': 'cache-dfw1835-DFW',
136 silly registry.get     'x-cache': 'HIT',
136 silly registry.get     'x-cache-hits': '1',
136 silly registry.get     'x-timer': 'S1425421565.420381,VS0,VE41',
136 silly registry.get     vary: 'Accept',
136 silly registry.get     'content-length': '0',
136 silly registry.get     'keep-alive': 'timeout=10, max=50',
136 silly registry.get     connection: 'Keep-Alive' } ]
137 verbose etag https://registry.npmjs.org/passport from cache
138 silly addNameRange number 2 { name: 'passport', range: '>=0.2.1-0 <0.3.0-0', hasData: true }
139 silly addNameRange versions [ 'passport',
139 silly addNameRange   [ '0.1.0',
139 silly addNameRange     '0.1.1',
139 silly addNameRange     '0.1.2',
139 silly addNameRange     '0.1.3',
139 silly addNameRange     '0.1.4',
139 silly addNameRange     '0.1.5',
139 silly addNameRange     '0.1.6',
139 silly addNameRange     '0.1.7',
139 silly addNameRange     '0.1.8',
139 silly addNameRange     '0.1.9',
139 silly addNameRange     '0.1.10',
139 silly addNameRange     '0.1.11',
139 silly addNameRange     '0.1.12',
139 silly addNameRange     '0.1.13',
139 silly addNameRange     '0.1.14',
139 silly addNameRange     '0.1.15',
139 silly addNameRange     '0.1.16',
139 silly addNameRange     '0.1.17',
139 silly addNameRange     '0.1.18',
139 silly addNameRange     '0.2.0',
139 silly addNameRange     '0.2.1' ] ]
140 verbose addNamed [ 'passport', '0.2.1' ]
141 verbose addNamed [ '0.2.1', '0.2.1' ]
142 silly lockFile b563cf22-passport-0-2-1 passport@0.2.1
143 verbose lock passport@0.2.1 /Users/michaeltelford/.npm/b563cf22-passport-0-2-1.lock
144 silly lockFile b563cf22-passport-0-2-1 passport@0.2.1
145 silly lockFile b563cf22-passport-0-2-1 passport@0.2.1
146 silly lockFile 7e55d14c-passport-0-2-1 passport@^0.2.1
147 silly lockFile 7e55d14c-passport-0-2-1 passport@^0.2.1
148 http 304 https://registry.npmjs.org/fs
149 silly registry.get cb [ 304,
149 silly registry.get   { date: 'Tue, 03 Mar 2015 22:26:05 GMT',
149 silly registry.get     server: 'Apache',
149 silly registry.get     via: '1.1 varnish',
149 silly registry.get     'last-modified': 'Tue, 03 Mar 2015 22:26:05 GMT',
149 silly registry.get     'cache-control': 'max-age=60',
149 silly registry.get     etag: '"AK2S2YF9S50J227DAKLPQ9TIZ"',
149 silly registry.get     age: '0',
149 silly registry.get     'x-served-by': 'cache-dfw1830-DFW',
149 silly registry.get     'x-cache': 'HIT',
149 silly registry.get     'x-cache-hits': '1',
149 silly registry.get     'x-timer': 'S1425421565.422555,VS0,VE185',
149 silly registry.get     vary: 'Accept',
149 silly registry.get     'content-length': '0',
149 silly registry.get     'keep-alive': 'timeout=10, max=50',
149 silly registry.get     connection: 'Keep-Alive' } ]
150 verbose etag https://registry.npmjs.org/fs from cache
151 http 304 https://registry.npmjs.org/socket.io
152 silly registry.get cb [ 304,
152 silly registry.get   { date: 'Tue, 03 Mar 2015 22:26:05 GMT',
152 silly registry.get     server: 'Apache',
152 silly registry.get     via: '1.1 varnish',
152 silly registry.get     'last-modified': 'Tue, 03 Mar 2015 22:26:05 GMT',
152 silly registry.get     'cache-control': 'max-age=60',
152 silly registry.get     etag: '"5YE2KJ4YNF45EJ3WFRKDXZOWP"',
152 silly registry.get     age: '18',
152 silly registry.get     'x-served-by': 'cache-dfw1824-DFW',
152 silly registry.get     'x-cache': 'HIT',
152 silly registry.get     'x-cache-hits': '1',
152 silly registry.get     'x-timer': 'S1425421565.619650,VS0,VE0',
152 silly registry.get     vary: 'Accept',
152 silly registry.get     'content-length': '0',
152 silly registry.get     'keep-alive': 'timeout=10, max=49',
152 silly registry.get     connection: 'Keep-Alive' } ]
153 verbose etag https://registry.npmjs.org/socket.io from cache
154 http 304 https://registry.npmjs.org/body-parser
155 silly registry.get cb [ 304,
155 silly registry.get   { date: 'Tue, 03 Mar 2015 22:26:05 GMT',
155 silly registry.get     server: 'Apache',
155 silly registry.get     via: '1.1 varnish',
155 silly registry.get     'last-modified': 'Tue, 03 Mar 2015 22:26:05 GMT',
155 silly registry.get     'cache-control': 'max-age=60',
155 silly registry.get     etag: '"2HC94XP4D0N1E8LNL9KBGUI6O"',
155 silly registry.get     age: '0',
155 silly registry.get     'x-served-by': 'cache-dfw1834-DFW',
155 silly registry.get     'x-cache': 'HIT',
155 silly registry.get     'x-cache-hits': '1',
155 silly registry.get     'x-timer': 'S1425421565.619819,VS0,VE65',
155 silly registry.get     vary: 'Accept',
155 silly registry.get     'content-length': '0',
155 silly registry.get     'keep-alive': 'timeout=10, max=50',
155 silly registry.get     connection: 'Keep-Alive' } ]
156 verbose etag https://registry.npmjs.org/body-parser from cache
157 silly addNameRange number 2 { name: 'socket.io', range: '>=1.3.5-0 <2.0.0-0', hasData: true }
158 silly addNameRange versions [ 'socket.io',
158 silly addNameRange   [ '0.3.8',
158 silly addNameRange     '0.4.0',
158 silly addNameRange     '0.4.1',
158 silly addNameRange     '0.5.1',
158 silly addNameRange     '0.5.3',
158 silly addNameRange     '0.6.0',
158 silly addNameRange     '0.6.1',
158 silly addNameRange     '0.6.3',
158 silly addNameRange     '0.6.4',
158 silly addNameRange     '0.6.5',
158 silly addNameRange     '0.6.6',
158 silly addNameRange     '0.6.7',
158 silly addNameRange     '0.6.8',
158 silly addNameRange     '0.6.9',
158 silly addNameRange     '0.6.10',
158 silly addNameRange     '0.6.11',
158 silly addNameRange     '0.6.12',
158 silly addNameRange     '0.6.14',
158 silly addNameRange     '0.6.15',
158 silly addNameRange     '0.6.16',
158 silly addNameRange     '0.6.17',
158 silly addNameRange     '0.6.18',
158 silly addNameRange     '0.7.0',
158 silly addNameRange     '0.7.1',
158 silly addNameRange     '0.7.2',
158 silly addNameRange     '0.7.3',
158 silly addNameRange     '0.7.4',
158 silly addNameRange     '0.7.5',
158 silly addNameRange     '0.7.6',
158 silly addNameRange     '0.7.7',
158 silly addNameRange     '0.7.8',
158 silly addNameRange     '0.7.9',
158 silly addNameRange     '0.7.10',
158 silly addNameRange     '0.7.11',
158 silly addNameRange     '0.8.0',
158 silly addNameRange     '0.8.1',
158 silly addNameRange     '0.8.2',
158 silly addNameRange     '0.8.3',
158 silly addNameRange     '0.8.4',
158 silly addNameRange     '0.8.5',
158 silly addNameRange     '0.8.6',
158 silly addNameRange     '0.8.7',
158 silly addNameRange     '0.9.0',
158 silly addNameRange     '0.9.1',
158 silly addNameRange     '0.9.1-1',
158 silly addNameRange     '0.9.2',
158 silly addNameRange     '0.9.3',
158 silly addNameRange     '0.9.4',
158 silly addNameRange     '0.9.5',
158 silly addNameRange     '0.9.6',
158 silly addNameRange     '0.9.7',
158 silly addNameRange     '0.9.8',
158 silly addNameRange     '0.9.9',
158 silly addNameRange     '0.9.10',
158 silly addNameRange     '0.9.11',
158 silly addNameRange     '0.9.12',
158 silly addNameRange     '0.9.13',
158 silly addNameRange     '0.9.14',
158 silly addNameRange     '0.9.15',
158 silly addNameRange     '0.9.16',
158 silly addNameRange     '1.0.0-pre',
158 silly addNameRange     '1.0.0-pre2',
158 silly addNameRange     '1.0.0-pre3',
158 silly addNameRange     '1.0.0-pre4',
158 silly addNameRange     '1.0.0-pre5',
158 silly addNameRange     '0.9.17',
158 silly addNameRange     '1.0.0',
158 silly addNameRange     '1.0.1',
158 silly addNameRange     '1.0.2',
158 silly addNameRange     '1.0.3',
158 silly addNameRange     '1.0.4',
158 silly addNameRange     '1.0.5',
158 silly addNameRange     '1.0.6',
158 silly addNameRange     '1.1.0',
158 silly addNameRange     '1.2.0',
158 silly addNameRange     '1.2.1',
158 silly addNameRange     '1.3.0',
158 silly addNameRange     '1.3.1',
158 silly addNameRange     '1.3.2',
158 silly addNameRange     '1.3.3',
158 silly addNameRange     '1.3.4',
158 silly addNameRange     '1.3.5' ] ]
159 verbose addNamed [ 'socket.io', '1.3.5' ]
160 verbose addNamed [ '1.3.5', '1.3.5' ]
161 silly lockFile e27f34ff-socket-io-1-3-5 socket.io@1.3.5
162 verbose lock socket.io@1.3.5 /Users/michaeltelford/.npm/e27f34ff-socket-io-1-3-5.lock
163 silly addNameRange number 2 { name: 'body-parser',
163 silly addNameRange   range: '>=1.12.0-0 <2.0.0-0',
163 silly addNameRange   hasData: true }
164 silly addNameRange versions [ 'body-parser',
164 silly addNameRange   [ '1.0.0',
164 silly addNameRange     '1.0.1',
164 silly addNameRange     '1.0.2',
164 silly addNameRange     '1.1.0',
164 silly addNameRange     '1.1.1',
164 silly addNameRange     '1.1.2',
164 silly addNameRange     '1.2.0',
164 silly addNameRange     '1.2.1',
164 silly addNameRange     '1.2.2',
164 silly addNameRange     '1.3.0',
164 silly addNameRange     '1.3.1',
164 silly addNameRange     '1.4.0',
164 silly addNameRange     '1.4.1',
164 silly addNameRange     '1.4.2',
164 silly addNameRange     '1.4.3',
164 silly addNameRange     '1.5.0',
164 silly addNameRange     '1.5.1',
164 silly addNameRange     '1.5.2',
164 silly addNameRange     '1.6.0',
164 silly addNameRange     '1.6.1',
164 silly addNameRange     '1.6.2',
164 silly addNameRange     '1.6.3',
164 silly addNameRange     '1.6.4',
164 silly addNameRange     '1.6.5',
164 silly addNameRange     '1.6.6',
164 silly addNameRange     '1.6.7',
164 silly addNameRange     '1.7.0',
164 silly addNameRange     '1.8.0',
164 silly addNameRange     '1.8.1',
164 silly addNameRange     '1.8.2',
164 silly addNameRange     '1.8.3',
164 silly addNameRange     '1.8.4',
164 silly addNameRange     '1.9.0',
164 silly addNameRange     '1.9.1',
164 silly addNameRange     '1.9.2',
164 silly addNameRange     '1.9.3',
164 silly addNameRange     '1.10.0',
164 silly addNameRange     '1.10.1',
164 silly addNameRange     '1.10.2',
164 silly addNameRange     '1.11.0',
164 silly addNameRange     '1.12.0' ] ]
165 verbose addNamed [ 'body-parser', '1.12.0' ]
166 verbose addNamed [ '1.12.0', '1.12.0' ]
167 silly lockFile 6c41bb2b-body-parser-1-12-0 body-parser@1.12.0
168 verbose lock body-parser@1.12.0 /Users/michaeltelford/.npm/6c41bb2b-body-parser-1-12-0.lock
169 silly lockFile e6e9d1a3-rg-socket-io-socket-io-1-3-5-tgz https://registry.npmjs.org/socket.io/-/socket.io-1.3.5.tgz
170 verbose lock https://registry.npmjs.org/socket.io/-/socket.io-1.3.5.tgz /Users/michaeltelford/.npm/e6e9d1a3-rg-socket-io-socket-io-1-3-5-tgz.lock
171 verbose addRemoteTarball [ 'https://registry.npmjs.org/socket.io/-/socket.io-1.3.5.tgz',
171 verbose addRemoteTarball   'bfd609f37626889e94df9d3526db79a84255f1d8' ]
172 silly lockFile afea0479-fs-0-0-2 fs@0.0.2
173 silly lockFile afea0479-fs-0-0-2 fs@0.0.2
174 silly lockFile 6c41bb2b-body-parser-1-12-0 body-parser@1.12.0
175 silly lockFile 6c41bb2b-body-parser-1-12-0 body-parser@1.12.0
176 silly lockFile 56e67e75-body-parser-1-12-0 body-parser@^1.12.0
177 silly lockFile 56e67e75-body-parser-1-12-0 body-parser@^1.12.0
178 info retry fetch attempt 1 at 15:26:04
179 verbose fetch to= /var/folders/9v/n_h843411g74_g1fzx8p2yqh0000gn/T/npm-3804-wxqRhZ-v/registry.npmjs.org/socket.io/-/socket.io-1.3.5.tgz
180 http GET https://registry.npmjs.org/socket.io/-/socket.io-1.3.5.tgz
181 http 304 https://registry.npmjs.org/mongoose
182 silly registry.get cb [ 304,
182 silly registry.get   { date: 'Tue, 03 Mar 2015 22:26:05 GMT',
182 silly registry.get     server: 'Apache',
182 silly registry.get     via: '1.1 varnish',
182 silly registry.get     'last-modified': 'Tue, 03 Mar 2015 22:26:05 GMT',
182 silly registry.get     'cache-control': 'max-age=60',
182 silly registry.get     etag: '"47UTUXN079KVF7JDHY56QB37E"',
182 silly registry.get     age: '0',
182 silly registry.get     'x-served-by': 'cache-dfw1831-DFW',
182 silly registry.get     'x-cache': 'HIT',
182 silly registry.get     'x-cache-hits': '1',
182 silly registry.get     'x-timer': 'S1425421565.616553,VS0,VE263',
182 silly registry.get     vary: 'Accept',
182 silly registry.get     'content-length': '0',
182 silly registry.get     'keep-alive': 'timeout=10, max=50',
182 silly registry.get     connection: 'Keep-Alive' } ]
183 verbose etag https://registry.npmjs.org/mongoose from cache
184 silly addNameRange number 2 { name: 'mongoose', range: '>=3.8.24-0 <4.0.0-0', hasData: true }
185 silly addNameRange versions [ 'mongoose',
185 silly addNameRange   [ '0.0.1',
185 silly addNameRange     '0.0.2',
185 silly addNameRange     '0.0.3',
185 silly addNameRange     '0.0.4',
185 silly addNameRange     '0.0.5',
185 silly addNameRange     '1.0.0',
185 silly addNameRange     '1.0.1',
185 silly addNameRange     '1.0.2',
185 silly addNameRange     '0.0.6',
185 silly addNameRange     '1.0.3',
185 silly addNameRange     '1.0.4',
185 silly addNameRange     '1.0.5',
185 silly addNameRange     '1.0.6',
185 silly addNameRange     '1.0.7',
185 silly addNameRange     '1.0.8',
185 silly addNameRange     '1.0.10',
185 silly addNameRange     '1.0.11',
185 silly addNameRange     '1.0.12',
185 silly addNameRange     '1.0.13',
185 silly addNameRange     '1.0.14',
185 silly addNameRange     '1.0.15',
185 silly addNameRange     '1.0.16',
185 silly addNameRange     '1.1.0',
185 silly addNameRange     '1.1.1',
185 silly addNameRange     '1.1.2',
185 silly addNameRange     '1.1.3',
185 silly addNameRange     '1.1.4',
185 silly addNameRange     '1.1.5',
185 silly addNameRange     '1.1.6',
185 silly addNameRange     '1.1.7',
185 silly addNameRange     '1.1.8',
185 silly addNameRange     '1.1.9',
185 silly addNameRange     '1.1.10',
185 silly addNameRange     '1.1.11',
185 silly addNameRange     '1.1.12',
185 silly addNameRange     '1.1.13',
185 silly addNameRange     '1.1.14',
185 silly addNameRange     '1.1.15',
185 silly addNameRange     '1.1.16',
185 silly addNameRange     '1.1.17',
185 silly addNameRange     '1.1.18',
185 silly addNameRange     '1.1.19',
185 silly addNameRange     '1.1.20',
185 silly addNameRange     '1.1.21',
185 silly addNameRange     '1.1.22',
185 silly addNameRange     '1.1.23',
185 silly addNameRange     '1.1.24',
185 silly addNameRange     '1.1.25',
185 silly addNameRange     '1.2.0',
185 silly addNameRange     '1.3.0',
185 silly addNameRange     '1.3.1',
185 silly addNameRange     '1.3.2',
185 silly addNameRange     '1.3.3',
185 silly addNameRange     '1.3.4',
185 silly addNameRange     '1.3.5',
185 silly addNameRange     '1.3.6',
185 silly addNameRange     '1.3.7',
185 silly addNameRange     '1.4.0',
185 silly addNameRange     '1.5.0',
185 silly addNameRange     '1.6.0',
185 silly addNameRange     '1.7.2',
185 silly addNameRange     '1.7.3',
185 silly addNameRange     '1.7.4',
185 silly addNameRange     '1.8.0',
185 silly addNameRange     '1.8.1',
185 silly addNameRange     '1.8.2',
185 silly addNameRange     '1.8.3',
185 silly addNameRange     '1.8.4',
185 silly addNameRange     '2.0.0',
185 silly addNameRange     '2.0.1',
185 silly addNameRange     '2.0.2',
185 silly addNameRange     '2.0.3',
185 silly addNameRange     '2.0.4',
185 silly addNameRange     '2.1.0',
185 silly addNameRange     '2.1.1',
185 silly addNameRange     '2.1.2',
185 silly addNameRange     '2.1.3',
185 silly addNameRange     '2.1.4',
185 silly addNameRange     '2.2.0',
185 silly addNameRange     '2.2.1',
185 silly addNameRange     '2.2.2',
185 silly addNameRange     '2.2.3',
185 silly addNameRange     '2.2.4',
185 silly addNameRange     '2.3.0',
185 silly addNameRange     '2.3.1',
185 silly addNameRange     '2.3.2',
185 silly addNameRange     '2.3.3',
185 silly addNameRange     '2.3.4',
185 silly addNameRange     '2.3.5',
185 silly addNameRange     '2.3.6',
185 silly addNameRange     '2.3.7',
185 silly addNameRange     '2.3.8',
185 silly addNameRange     '2.3.9',
185 silly addNameRange     '2.3.10',
185 silly addNameRange     '2.3.11',
185 silly addNameRange     '2.3.12',
185 silly addNameRange     '2.3.13',
185 silly addNameRange     '2.4.0',
185 silly addNameRange     '2.4.1',
185 silly addNameRange     '2.4.2',
185 silly addNameRange     '2.4.3',
185 silly addNameRange     '2.4.4',
185 silly addNameRange     '2.4.5',
185 silly addNameRange     '2.4.6',
185 silly addNameRange     '2.4.7',
185 silly addNameRange     '2.4.8',
185 silly addNameRange     '2.4.9',
185 silly addNameRange     '2.4.10',
185 silly addNameRange     '2.5.0',
185 silly addNameRange     '2.5.1',
185 silly addNameRange     '2.5.2',
185 silly addNameRange     '2.5.3',
185 silly addNameRange     '2.5.4',
185 silly addNameRange     '2.5.5',
185 silly addNameRange     '2.5.6',
185 silly addNameRange     '2.5.7',
185 silly addNameRange     '2.5.8',
185 silly addNameRange     '2.5.9',
185 silly addNameRange     '2.5.10',
185 silly addNameRange     '2.5.11',
185 silly addNameRange     '2.5.12',
185 silly addNameRange     '2.5.13',
185 silly addNameRange     '2.5.14',
185 silly addNameRange     '2.6.0',
185 silly addNameRange     '2.6.1',
185 silly addNameRange     '2.6.2',
185 silly addNameRange     '2.6.3',
185 silly addNameRange     '2.6.4',
185 silly addNameRange     '2.6.5',
185 silly addNameRange     '2.6.6',
185 silly addNameRange     '2.6.7',
185 silly addNameRange     '2.6.8',
185 silly addNameRange     '2.7.0',
185 silly addNameRange     '2.7.1',
185 silly addNameRange     '2.7.2',
185 silly addNameRange     '2.7.4',
185 silly addNameRange     '2.7.3',
185 silly addNameRange     '3.0.0',
185 silly addNameRange     '3.0.1',
185 silly addNameRange     '3.0.2',
185 silly addNameRange     '2.8.0',
185 silly addNameRange     '3.0.3',
185 silly addNameRange     '3.1.0',
185 silly addNameRange     '2.8.1',
185 silly addNameRange     '3.1.1',
185 silly addNameRange     '2.8.2',
185 silly addNameRange     '2.8.3',
185 silly addNameRange     '2.9.0',
185 silly addNameRange     '3.2.0',
185 silly addNameRange     '2.9.1',
185 silly addNameRange     '3.2.1',
185 silly addNameRange     '2.9.2',
185 silly addNameRange     '3.2.2',
185 silly addNameRange     '3.3.0',
185 silly addNameRange     '3.3.1',
185 silly addNameRange     '2.9.3',
185 silly addNameRange     '3.4.0',
185 silly addNameRange     '2.9.4',
185 silly addNameRange     '2.9.5',
185 silly addNameRange     '3.5.0',
185 silly addNameRange     '3.5.1',
185 silly addNameRange     '3.5.2',
185 silly addNameRange     '3.5.3',
185 silly addNameRange     '2.9.6',
185 silly addNameRange     '2.9.7',
185 silly addNameRange     '3.5.4',
185 silly addNameRange     '3.5.5',
185 silly addNameRange     '2.9.8',
185 silly addNameRange     '2.9.9',
185 silly addNameRange     '3.5.6',
185 silly addNameRange     '3.5.7',
185 silly addNameRange     '3.5.8',
185 silly addNameRange     '2.9.10',
185 silly addNameRange     '3.5.9',
185 silly addNameRange     '3.6.2',
185 silly addNameRange     '3.5.10',
185 silly addNameRange     '3.6.3',
185 silly addNameRange     '3.5.11',
185 silly addNameRange     '3.6.4',
185 silly addNameRange     '3.6.5',
185 silly addNameRange     '3.6.6',
185 silly addNameRange     '3.6.7',
185 silly addNameRange     '3.5.12',
185 silly addNameRange     '3.6.8',
185 silly addNameRange     '3.6.9',
185 silly addNameRange     '3.6.10',
185 silly addNameRange     '3.5.13',
185 silly addNameRange     '3.5.14',
185 silly addNameRange     '3.6.11',
185 silly addNameRange     '3.6.12',
185 silly addNameRange     '3.6.13',
185 silly addNameRange     '3.6.14',
185 silly addNameRange     '3.6.15',
185 silly addNameRange     '3.5.15',
185 silly addNameRange     '3.7.0',
185 silly addNameRange     '3.6.16',
185 silly addNameRange     '3.5.16',
185 silly addNameRange     '3.6.17',
185 silly addNameRange     '3.7.2',
185 silly addNameRange     '3.0.0-alpha1',
185 silly addNameRange     '3.0.0-alpha2',
185 silly addNameRange     '3.0.0-rc0',
185 silly addNameRange     '3.6.0-rc0',
185 silly addNameRange     '3.6.0-rc1',
185 silly addNameRange     '3.6.18',
185 silly addNameRange     '3.7.3',
185 silly addNameRange     '3.6.19',
185 silly addNameRange     '3.6.20',
185 silly addNameRange     '3.7.4',
185 silly addNameRange     '3.8.0',
185 silly addNameRange     '3.8.1',
185 silly addNameRange     '3.8.2',
185 silly addNameRange     '3.8.3',
185 silly addNameRange     '3.8.4',
185 silly addNameRange     '3.8.5',
185 silly addNameRange     '3.8.6',
185 silly addNameRange     '3.8.7',
185 silly addNameRange     '3.8.8',
185 silly addNameRange     '3.8.9',
185 silly addNameRange     '3.8.10',
185 silly addNameRange     '3.8.11',
185 silly addNameRange     '3.9.0',
185 silly addNameRange     '3.8.12',
185 silly addNameRange     '3.8.13',
185 silly addNameRange     '3.8.14',
185 silly addNameRange     '3.8.15',
185 silly addNameRange     '3.9.1',
185 silly addNameRange     '3.8.16',
185 silly addNameRange     '3.9.2',
185 silly addNameRange     '3.8.17',
185 silly addNameRange     '3.9.3',
185 silly addNameRange     '3.8.18',
185 silly addNameRange     '3.9.4',
185 silly addNameRange     '3.8.19',
185 silly addNameRange     '3.9.5',
185 silly addNameRange     '3.8.20',
185 silly addNameRange     '3.9.6',
185 silly addNameRange     '3.8.21',
185 silly addNameRange     '3.9.7',
185 silly addNameRange     '3.8.22',
185 silly addNameRange     '4.0.0-rc0',
185 silly addNameRange     '4.0.0-rc1',
185 silly addNameRange     '3.8.23',
185 silly addNameRange     '4.0.0-rc2',
185 silly addNameRange     '3.8.24',
185 silly addNameRange     '4.0.0-rc3' ] ]
186 verbose addNamed [ 'mongoose', '3.8.24' ]
187 verbose addNamed [ '3.8.24', '3.8.24' ]
188 silly lockFile 867b942d-mongoose-3-8-24 mongoose@3.8.24
189 verbose lock mongoose@3.8.24 /Users/michaeltelford/.npm/867b942d-mongoose-3-8-24.lock
190 silly lockFile 867b942d-mongoose-3-8-24 mongoose@3.8.24
191 silly lockFile 867b942d-mongoose-3-8-24 mongoose@3.8.24
192 silly lockFile 4c067df3-mongoose-3-8-24 mongoose@^3.8.24
193 silly lockFile 4c067df3-mongoose-3-8-24 mongoose@^3.8.24
194 http 200 https://registry.npmjs.org/socket.io/-/socket.io-1.3.5.tgz
195 silly lockFile e6e9d1a3-rg-socket-io-socket-io-1-3-5-tgz https://registry.npmjs.org/socket.io/-/socket.io-1.3.5.tgz
196 silly lockFile e6e9d1a3-rg-socket-io-socket-io-1-3-5-tgz https://registry.npmjs.org/socket.io/-/socket.io-1.3.5.tgz
197 silly lockFile e27f34ff-socket-io-1-3-5 socket.io@1.3.5
198 silly lockFile e27f34ff-socket-io-1-3-5 socket.io@1.3.5
199 silly lockFile a0d41e47-socket-io-1-3-5 socket.io@^1.3.5
200 silly lockFile a0d41e47-socket-io-1-3-5 socket.io@^1.3.5
201 error Error: EACCES, mkdir '/Users/michaeltelford/.npm/socket.io/1.3.5'
201 error  { [Error: EACCES, mkdir '/Users/michaeltelford/.npm/socket.io/1.3.5']
201 error   errno: 3,
201 error   code: 'EACCES',
201 error   path: '/Users/michaeltelford/.npm/socket.io/1.3.5',
201 error   parent: 'pollApp' }
202 error Please try running this command again as root/Administrator.
203 error System Darwin 14.1.0
204 error command "node" "/usr/local/bin/npm" "install"
205 error cwd /Users/michaeltelford/Desktop/groupproject/pollApp
206 error node -v v0.10.35
207 error npm -v 1.4.28
208 error path /Users/michaeltelford/.npm/socket.io/1.3.5
209 error code EACCES
210 error errno 3
211 error stack Error: EACCES, mkdir '/Users/michaeltelford/.npm/socket.io/1.3.5'
212 verbose exit [ 3, true ]
